<?xml version="1.0" encoding="utf-8"?><testsuites name="pytest tests"><testsuite name="pytest" errors="0" failures="0" skipped="0" tests="6" time="2.297" timestamp="2026-07-30T01:59:06.135915+00:00" hostname="agent-env-4d6213d9-0821-48a8-b3b1-2f9db4cad3d9"><testcase classname="tests.test_bugfix_iter5.TestSessionEditDateTime" name="test_put_session_updates_date_and_time" time="0.826" /><testcase classname="tests.test_bugfix_iter5.TestDeleteFreesCalendar" name="test_delete_client_removes_sessions_from_all_sessions" time="0.989" /><testcase classname="tests.test_bugfix_iter5.TestSessionEditDateTime" name="test_put_session_conflict_409" time="0.410" /><testcase classname="tests.test_bugfix_iter5.TestDeleteFreesCalendar" name="test_slot_freed_after_client_delete" time="0.429" /><testcase classname="tests.test_bugfix_iter5.TestContractEmailRegression" name="test_contract_email_returns_200" time="0.740" /><testcase classname="tests.test_bugfix_iter5.TestInsightsExcludesEmergent" name="test_emergent_referrers_excluded" time="0.564" /></testsuite></testsuites>