<?xml version="1.0" encoding="utf-8"?><testsuites name="pytest tests"><testsuite name="pytest" errors="0" failures="0" skipped="0" tests="13" time="4.471" timestamp="2026-07-29T13:13:39.106842+00:00" hostname="agent-env-4d6213d9-0821-48a8-b3b1-2f9db4cad3d9"><testcase classname="tests.test_new_features.TestTracking" name="test_track_page_view_desktop" time="0.258" /><testcase classname="tests.test_new_features.TestTracking" name="test_track_page_view_mobile" time="0.115" /><testcase classname="tests.test_new_features.TestTracking" name="test_track_scrolls" time="0.455" /><testcase classname="tests.test_new_features.TestTracking" name="test_track_click" time="0.123" /><testcase classname="tests.test_new_features.TestInsights" name="test_insights_requires_auth" time="0.120" /><testcase classname="tests.test_new_features.TestInsights" name="test_insights_shape_and_values" time="1.872" /><testcase classname="tests.test_new_features.TestSessions" name="test_setup_client" time="0.078" /><testcase classname="tests.test_new_features.TestSessions" name="test_add_session_and_update_status" time="0.176" /><testcase classname="tests.test_new_features.TestSessions" name="test_recurring_sessions" time="0.150" /><testcase classname="tests.test_new_features.TestSessions" name="test_recurring_requires_weekdays" time="0.079" /><testcase classname="tests.test_new_features.TestContractEmail" name="test_email_contract_flow" time="0.415" /><testcase classname="tests.test_new_features.TestContractEmail" name="test_email_contract_no_client_email" time="0.212" /><testcase classname="tests.test_new_features.TestLeadNotification" name="test_create_lead_returns_200" time="0.348" /></testsuite></testsuites>