<?xml version="1.0" encoding="utf-8"?><testsuites name="pytest tests"><testsuite name="pytest" errors="0" failures="0" skipped="0" tests="23" time="3.168" timestamp="2026-07-27T02:27:52.398431+00:00" hostname="agent-env-4d6213d9-0821-48a8-b3b1-2f9db4cad3d9"><testcase classname="tests.backend_test.TestAuth" name="test_login_wrong_password" time="0.626" /><testcase classname="tests.backend_test.TestFullFlow" name="test_create_client" time="0.623" /><testcase classname="tests.backend_test.TestFullFlow" name="test_list_clients" time="0.048" /><testcase classname="tests.backend_test.TestFullFlow" name="test_get_client" time="0.050" /><testcase classname="tests.backend_test.TestFullFlow" name="test_update_client" time="0.226" /><testcase classname="tests.backend_test.TestAuth" name="test_login_success_and_me" time="0.364" /><testcase classname="tests.backend_test.TestFullFlow" name="test_create_contract" time="0.048" /><testcase classname="tests.backend_test.TestAuth" name="test_me_unauthenticated" time="0.111" /><testcase classname="tests.backend_test.TestFullFlow" name="test_list_contracts" time="0.044" /><testcase classname="tests.backend_test.TestFullFlow" name="test_download_contract_pdf" time="0.058" /><testcase classname="tests.backend_test.TestFullFlow" name="test_pdf_unauthenticated" time="0.102" /><testcase classname="tests.backend_test.TestFullFlow" name="test_upload_signed" time="0.504" /><testcase classname="tests.backend_test.TestFullFlow" name="test_get_signed" time="0.388" /><testcase classname="tests.backend_test.TestFullFlow" name="test_add_payment" time="0.046" /><testcase classname="tests.backend_test.TestFullFlow" name="test_list_payments" time="0.044" /><testcase classname="tests.backend_test.TestFullFlow" name="test_dashboard_stats" time="0.047" /><testcase classname="tests.backend_test.TestFullFlow" name="test_create_lead_public" time="0.094" /><testcase classname="tests.backend_test.TestFullFlow" name="test_list_leads_requires_auth" time="0.096" /><testcase classname="tests.backend_test.TestFullFlow" name="test_list_leads" time="0.044" /><testcase classname="tests.backend_test.TestFullFlow" name="test_delete_lead" time="0.047" /><testcase classname="tests.backend_test.TestFullFlow" name="test_delete_payment" time="0.047" /><testcase classname="tests.backend_test.TestFullFlow" name="test_delete_contract" time="0.046" /><testcase classname="tests.backend_test.TestFullFlow" name="test_delete_client" time="0.091" /></testsuite></testsuites>